<?xml version="1.0" encoding="UTF-8"?>
<testng-results ignored="0" total="1" passed="1" failed="0" skipped="0">
  <reporter-output>
  </reporter-output>
  <suite started-at="2024-12-28T10:15:59 IST" name="Default Suite" finished-at="2024-12-28T10:16:02 IST" duration-ms="2387">
    <groups>
    </groups>
    <test started-at="2024-12-28T10:15:59 IST" name="rest_modifications" finished-at="2024-12-28T10:16:02 IST" duration-ms="2387">
      <class name="org.example.MainTest">
        <test-method signature="test_1()[pri:0, instance:org.example.MainTest@54c562f7]" started-at="2024-12-28T10:15:59 IST" name="test_1" finished-at="2024-12-28T10:16:02 IST" duration-ms="2335" status="PASS">
          <reporter-output>
          </reporter-output>
        </test-method> <!-- test_1 -->
      </class> <!-- org.example.MainTest -->
    </test> <!-- rest_modifications -->
  </suite> <!-- Default Suite -->
</testng-results>
