<?xml version="1.0" encoding="UTF-8"?>
<testng-results ignored="0" total="2" passed="2" failed="0" skipped="0">
  <reporter-output>
  </reporter-output>
  <suite started-at="2024-12-28T11:41:24 IST" name="Default Suite" finished-at="2024-12-28T11:41:27 IST" duration-ms="2528">
    <groups>
    </groups>
    <test started-at="2024-12-28T11:41:24 IST" name="basicopeartions" finished-at="2024-12-28T11:41:27 IST" duration-ms="2528">
      <class name="org.example.MainTest">
        <test-method signature="testCreateUser()[pri:0, instance:org.example.MainTest@14fc1f0]" started-at="2024-12-28T11:41:24 IST" name="testCreateUser" finished-at="2024-12-28T11:41:26 IST" duration-ms="1844" status="PASS">
          <reporter-output>
          </reporter-output>
        </test-method> <!-- testCreateUser -->
        <test-method signature="testGetUsers()[pri:0, instance:org.example.MainTest@14fc1f0]" started-at="2024-12-28T11:41:26 IST" name="testGetUsers" finished-at="2024-12-28T11:41:27 IST" duration-ms="652" status="PASS">
          <reporter-output>
          </reporter-output>
        </test-method> <!-- testGetUsers -->
      </class> <!-- org.example.MainTest -->
    </test> <!-- basicopeartions -->
  </suite> <!-- Default Suite -->
</testng-results>
