<?xml version="1.0" encoding="UTF-8"?>
<testng-results ignored="0" total="1" passed="1" failed="0" skipped="0">
  <reporter-output>
  </reporter-output>
  <suite started-at="2024-12-28T12:19:34 IST" name="Default Suite" finished-at="2024-12-28T12:19:36 IST" duration-ms="2712">
    <groups>
    </groups>
    <test started-at="2024-12-28T12:19:34 IST" name="handlingparametersanddata" finished-at="2024-12-28T12:19:36 IST" duration-ms="2712">
      <class name="org.example.MainTest">
        <test-method signature="test_1()[pri:0, instance:org.example.MainTest@5a2d131d]" started-at="2024-12-28T12:19:34 IST" name="test_1" finished-at="2024-12-28T12:19:36 IST" duration-ms="2663" status="PASS">
          <reporter-output>
          </reporter-output>
        </test-method> <!-- test_1 -->
      </class> <!-- org.example.MainTest -->
    </test> <!-- handlingparametersanddata -->
  </suite> <!-- Default Suite -->
</testng-results>
